{
  "stats": {
    "suites": 1,
    "tests": 4,
    "passes": 4,
    "pending": 0,
    "failures": 0,
    "start": "2020-11-18T12:02:08.013Z",
    "end": "2020-11-18T12:02:10.565Z",
    "duration": 2552,
    "testsRegistered": 4,
    "passPercent": 100,
    "pendingPercent": 0,
    "other": 0,
    "hasOther": false,
    "skipped": 0,
    "hasSkipped": false
  },
  "results": [
    {
      "uuid": "7ed204df-95ae-4ca8-972f-8f0828fd85ba",
      "title": "",
      "fullFile": "cypress/integration/backend-auth.spec.js",
      "file": "cypress/integration/backend-auth.spec.js",
      "beforeHooks": [],
      "afterHooks": [],
      "tests": [],
      "suites": [
        {
          "uuid": "4b8eab9f-fbb5-4b78-94ef-844b4cfc98e9",
          "title": "backend test suite",
          "fullFile": "",
          "file": "",
          "beforeHooks": [],
          "afterHooks": [],
          "tests": [
            {
              "title": "TC01 - login and logout",
              "fullTitle": "backend test suite TC01 - login and logout",
              "timedOut": null,
              "duration": 655,
              "state": "passed",
              "speed": "slow",
              "pass": true,
              "fail": false,
              "pending": false,
              "context": null,
              "code": "cy.authenticateSession();\ncy.endSession();",
              "err": {},
              "uuid": "21d3a650-c650-495f-9199-9b500d5ae7de",
              "parentUUID": "4b8eab9f-fbb5-4b78-94ef-844b4cfc98e9",
              "isHook": false,
              "skipped": false
            },
            {
              "title": "TC02 - Create a new room",
              "fullTitle": "backend test suite TC02 - Create a new room",
              "timedOut": null,
              "duration": 589,
              "state": "passed",
              "speed": "slow",
              "pass": true,
              "fail": false,
              "pending": false,
              "context": null,
              "code": "roomHelpers.createRoomRequest(cy);",
              "err": {},
              "uuid": "b743ddf0-99b7-4c8e-b570-dc6d85630892",
              "parentUUID": "4b8eab9f-fbb5-4b78-94ef-844b4cfc98e9",
              "isHook": false,
              "skipped": false
            },
            {
              "title": "TC03 - Create room and delete it",
              "fullTitle": "backend test suite TC03 - Create room and delete it",
              "timedOut": null,
              "duration": 627,
              "state": "passed",
              "speed": "slow",
              "pass": true,
              "fail": false,
              "pending": false,
              "context": null,
              "code": "roomHelpers.createRoomRequestAndDelete(cy);",
              "err": {},
              "uuid": "e7386e0b-3307-44bd-954b-c3ec9a97adb3",
              "parentUUID": "4b8eab9f-fbb5-4b78-94ef-844b4cfc98e9",
              "isHook": false,
              "skipped": false
            },
            {
              "title": "TC04 - Create room and update it",
              "fullTitle": "backend test suite TC04 - Create room and update it",
              "timedOut": null,
              "duration": 635,
              "state": "passed",
              "speed": "slow",
              "pass": true,
              "fail": false,
              "pending": false,
              "context": null,
              "code": "roomHelpers.createRoomRequestAndUpdate(cy);",
              "err": {},
              "uuid": "bca5f1c5-f746-4ca0-854a-d1ac078e87e3",
              "parentUUID": "4b8eab9f-fbb5-4b78-94ef-844b4cfc98e9",
              "isHook": false,
              "skipped": false
            }
          ],
          "suites": [],
          "passes": [
            "21d3a650-c650-495f-9199-9b500d5ae7de",
            "b743ddf0-99b7-4c8e-b570-dc6d85630892",
            "e7386e0b-3307-44bd-954b-c3ec9a97adb3",
            "bca5f1c5-f746-4ca0-854a-d1ac078e87e3"
          ],
          "failures": [],
          "pending": [],
          "skipped": [],
          "duration": 2506,
          "root": false,
          "rootEmpty": false,
          "_timeout": 2000
        }
      ],
      "passes": [],
      "failures": [],
      "pending": [],
      "skipped": [],
      "duration": 0,
      "root": true,
      "rootEmpty": true,
      "_timeout": 2000
    }
  ],
  "meta": {
    "mocha": {
      "version": "7.0.1"
    },
    "mochawesome": {
      "options": {
        "quiet": false,
        "reportFilename": "mochawesome",
        "saveHtml": false,
        "saveJson": true,
        "consoleReporter": "spec",
        "useInlineDiffs": false,
        "code": true
      },
      "version": "6.2.1"
    },
    "marge": {
      "options": {
        "charts": true,
        "overwrite": false,
        "html": false,
        "json": true,
        "reportDir": "cypress/report/mochawesome-report"
      },
      "version": "5.1.0"
    }
  }
}